<?xml version="1.0" encoding="UTF-8"?>
<!-- Generated by org.testng.reporters.JUnitXMLReporter -->
<testsuite ignored="4" hostname="AvinashJ" failures="0" tests="3" name="Test" time="29.669" errors="0" timestamp="2022-01-30T13:15:15 IST">
  <testcase classname="com.vtiger.ProdVendTest.CreateVendorTest" name="vendorCreateTest" time="4.726"/>
  <testcase classname="com.vtiger.ProdVendTest.CreateProductTest" name="productCreateTest" time="4.79"/>
  <testcase classname="com.vtiger.ProdVendTest.CreateProVenEndtoEndTest" name="vendorCreate" time="8.497"/>
  <testcase classname="com.vtiger.genericUtility.BaseUtility" name="@AfterSuite dbDisConnection" time="0.0">
    <ignored/>
  </testcase> <!-- @AfterSuite dbDisConnection -->
  <testcase classname="com.vtiger.genericUtility.BaseUtility" name="@AfterSuite dbDisConnection" time="0.0">
    <ignored/>
  </testcase> <!-- @AfterSuite dbDisConnection -->
  <testcase classname="com.vtiger.genericUtility.BaseUtility" name="@BeforeSuite dbConnection" time="0.0">
    <ignored/>
  </testcase> <!-- @BeforeSuite dbConnection -->
  <testcase classname="com.vtiger.genericUtility.BaseUtility" name="@BeforeSuite dbConnection" time="0.0">
    <ignored/>
  </testcase> <!-- @BeforeSuite dbConnection -->
</testsuite> <!-- Test -->
