<?xml version="1.0" encoding="UTF-8"?>
<testng-results ignored="0" total="1" passed="1" failed="0" skipped="0">
  <reporter-output>
  </reporter-output>
  <suite started-at="2022-01-30T20:44:55 IST" name="Default suite" finished-at="2022-01-30T20:45:04 IST" duration-ms="9327">
    <groups>
    </groups>
    <test started-at="2022-01-30T20:44:55 IST" name="Default test" finished-at="2022-01-30T20:45:04 IST" duration-ms="9327">
      <class name="com.vtiger.ProdVendTest.CreateProductTest">
        <test-method is-config="true" signature="dbConnection()[pri:0, instance:com.vtiger.ProdVendTest.CreateProductTest@1a942c18]" started-at="2022-01-30T20:44:55 IST" name="dbConnection" finished-at="2022-01-30T20:44:55 IST" duration-ms="5" status="PASS">
          <reporter-output>
          </reporter-output>
        </test-method> <!-- dbConnection -->
        <test-method is-config="true" signature="openBrowser(java.lang.String)[pri:0, instance:com.vtiger.ProdVendTest.CreateProductTest@1a942c18]" started-at="2022-01-30T20:44:55 IST" name="openBrowser" finished-at="2022-01-30T20:44:57 IST" duration-ms="1480" status="PASS">
          <params>
            <param index="0">
              <value>
                <![CDATA[chrome]]>
              </value>
            </param>
          </params>
          <reporter-output>
          </reporter-output>
        </test-method> <!-- openBrowser -->
        <test-method is-config="true" signature="loginProcess(java.lang.String,java.lang.String)[pri:0, instance:com.vtiger.ProdVendTest.CreateProductTest@1a942c18]" started-at="2022-01-30T20:44:57 IST" name="loginProcess" finished-at="2022-01-30T20:44:59 IST" duration-ms="2060" status="PASS">
          <params>
            <param index="0">
              <value>
                <![CDATA[admin]]>
              </value>
            </param>
            <param index="1">
              <value>
                <![CDATA[admin]]>
              </value>
            </param>
          </params>
          <reporter-output>
          </reporter-output>
        </test-method> <!-- loginProcess -->
        <test-method signature="productCreateTest()[pri:0, instance:com.vtiger.ProdVendTest.CreateProductTest@1a942c18]" started-at="2022-01-30T20:44:59 IST" name="productCreateTest" finished-at="2022-01-30T20:45:03 IST" duration-ms="4887" status="PASS">
          <reporter-output>
          </reporter-output>
        </test-method> <!-- productCreateTest -->
        <test-method is-config="true" signature="logoutProcess()[pri:0, instance:com.vtiger.ProdVendTest.CreateProductTest@1a942c18]" started-at="2022-01-30T20:45:03 IST" name="logoutProcess" finished-at="2022-01-30T20:45:04 IST" duration-ms="838" status="PASS">
          <reporter-output>
          </reporter-output>
        </test-method> <!-- logoutProcess -->
        <test-method is-config="true" signature="closeBrowser()[pri:0, instance:com.vtiger.ProdVendTest.CreateProductTest@1a942c18]" started-at="2022-01-30T20:45:04 IST" name="closeBrowser" finished-at="2022-01-30T20:45:04 IST" duration-ms="46" status="PASS">
          <reporter-output>
          </reporter-output>
        </test-method> <!-- closeBrowser -->
        <test-method is-config="true" signature="dbDisConnection()[pri:0, instance:com.vtiger.ProdVendTest.CreateProductTest@1a942c18]" started-at="2022-01-30T20:45:04 IST" name="dbDisConnection" finished-at="2022-01-30T20:45:04 IST" duration-ms="0" status="PASS">
          <reporter-output>
          </reporter-output>
        </test-method> <!-- dbDisConnection -->
      </class> <!-- com.vtiger.ProdVendTest.CreateProductTest -->
    </test> <!-- Default test -->
  </suite> <!-- Default suite -->
</testng-results>
